2024.09.02 10:28:10 INFO  Started: Metals version 1.3.5 in folders '/home/michal/work/FoundryVTT/mythras-scala' for client Visual Studio Code 1.92.2.[0m
SLF4J(W): Class path contains multiple SLF4J providers.
SLF4J(W): Found provider [scribe.slf4j.ScribeServiceProvider@aff43a4]
SLF4J(W): Found provider [ch.qos.logback.classic.spi.LogbackServiceProvider@52afb3ba]
SLF4J(W): See https://www.slf4j.org/codes.html#multiple_bindings for an explanation.
SLF4J(I): Actual provider is of type [scribe.slf4j.ScribeServiceProvider@aff43a4]
2024.09.02 10:28:10 WARN  Flyway upgrade recommended: H2 2.3.230 is newer than this version of Flyway and support has not been tested. The latest supported version of H2 is 2.2.220.[0m
2024.09.02 10:28:12 INFO  no build target found for /home/michal/work/FoundryVTT/mythras-scala/build.sbt. Using presentation compiler with project's scala-library version: 3.3.3[0m
2024.09.02 10:28:20 INFO  no build target found for /home/michal/work/FoundryVTT/mythras-scala/build.sbt. Using presentation compiler with project's scala-library version: 3.3.3[0m
2024.09.02 10:28:20 INFO  no build target found for /home/michal/work/FoundryVTT/mythras-scala/build.sbt. Using presentation compiler with project's scala-library version: 3.3.3[0m
2024.09.02 10:28:20 INFO  no build target found for /home/michal/work/FoundryVTT/mythras-scala/build.sbt. Using presentation compiler with project's scala-library version: 3.3.3[0m
2024.09.02 10:28:22 INFO  no build target found for /home/michal/work/FoundryVTT/mythras-scala/build.sbt. Using presentation compiler with project's scala-library version: 3.3.3[0m
2024.09.02 10:28:23 INFO  no build target found for /home/michal/work/FoundryVTT/mythras-scala/build.sbt. Using presentation compiler with project's scala-library version: 3.3.3[0m
2024.09.02 10:28:23 INFO  no build target found for /home/michal/work/FoundryVTT/mythras-scala/build.sbt. Using presentation compiler with project's scala-library version: 3.3.3[0m
2024.09.02 10:28:23 WARN  no build target for: /home/michal/work/FoundryVTT/mythras-scala/build.sbt[0m
2024.09.02 10:28:23 INFO  no build target found for /home/michal/work/FoundryVTT/mythras-scala/build.sbt. Using presentation compiler with project's scala-library version: 3.3.3[0m
2024.09.02 10:28:23 INFO  no build target found for /home/michal/work/FoundryVTT/mythras-scala/build.sbt. Using presentation compiler with project's scala-library version: 3.3.3[0m
2024.09.02 10:28:23 INFO  no build target found for /home/michal/work/FoundryVTT/mythras-scala/build.sbt. Using presentation compiler with project's scala-library version: 3.3.3[0m
2024.09.02 10:28:25 INFO  no build target found for /home/michal/work/FoundryVTT/mythras-scala/build.sbt. Using presentation compiler with project's scala-library version: 3.3.3[0m
2024.09.02 10:28:25 INFO  no build target found for /home/michal/work/FoundryVTT/mythras-scala/build.sbt. Using presentation compiler with project's scala-library version: 3.3.3[0m
2024.09.02 10:28:26 INFO  no build target found for /home/michal/work/FoundryVTT/mythras-scala/build.sbt. Using presentation compiler with project's scala-library version: 3.3.3[0m
2024.09.02 10:28:26 INFO  no build target found for /home/michal/work/FoundryVTT/mythras-scala/build.sbt. Using presentation compiler with project's scala-library version: 3.3.3[0m
2024.09.02 10:28:26 INFO  no build target found for /home/michal/work/FoundryVTT/mythras-scala/build.sbt. Using presentation compiler with project's scala-library version: 3.3.3[0m
2024.09.02 10:28:29 INFO  no build target found for /home/michal/work/FoundryVTT/mythras-scala/build.sbt. Using presentation compiler with project's scala-library version: 3.3.3[0m
2024.09.02 10:28:29 INFO  no build target found for /home/michal/work/FoundryVTT/mythras-scala/build.sbt. Using presentation compiler with project's scala-library version: 3.3.3[0m
2024.09.02 10:28:29 INFO  no build target found for /home/michal/work/FoundryVTT/mythras-scala/build.sbt. Using presentation compiler with project's scala-library version: 3.3.3[0m
2024.09.02 10:28:30 INFO  no build target found for /home/michal/work/FoundryVTT/mythras-scala/build.sbt. Using presentation compiler with project's scala-library version: 3.3.3[0m
2024.09.02 10:28:32 INFO  no build target found for /home/michal/work/FoundryVTT/mythras-scala/build.sbt. Using presentation compiler with project's scala-library version: 3.3.3[0m
2024.09.02 10:28:32 INFO  no build target found for /home/michal/work/FoundryVTT/mythras-scala/build.sbt. Using presentation compiler with project's scala-library version: 3.3.3[0m
2024.09.02 10:28:32 INFO  no build target found for /home/michal/work/FoundryVTT/mythras-scala/build.sbt. Using presentation compiler with project's scala-library version: 3.3.3[0m
2024.09.02 10:28:32 INFO  no build target found for /home/michal/work/FoundryVTT/mythras-scala/build.sbt. Using presentation compiler with project's scala-library version: 3.3.3[0m
2024.09.02 10:28:32 INFO  no build target found for /home/michal/work/FoundryVTT/mythras-scala/build.sbt. Using presentation compiler with project's scala-library version: 3.3.3[0m
2024.09.02 10:28:33 INFO  no build target found for /home/michal/work/FoundryVTT/mythras-scala/build.sbt. Using presentation compiler with project's scala-library version: 3.3.3[0m
2024.09.02 10:28:33 INFO  no build target found for /home/michal/work/FoundryVTT/mythras-scala/build.sbt. Using presentation compiler with project's scala-library version: 3.3.3[0m
2024.09.02 10:28:33 WARN  no build target for: /home/michal/work/FoundryVTT/mythras-scala/build.sbt[0m
2024.09.02 10:28:33 INFO  no build target found for /home/michal/work/FoundryVTT/mythras-scala/build.sbt. Using presentation compiler with project's scala-library version: 3.3.3[0m
2024.09.02 10:28:33 INFO  no build target found for /home/michal/work/FoundryVTT/mythras-scala/build.sbt. Using presentation compiler with project's scala-library version: 3.3.3[0m
2024.09.02 10:28:34 INFO  no build target found for /home/michal/work/FoundryVTT/mythras-scala/build.sbt. Using presentation compiler with project's scala-library version: 3.3.3[0m
2024.09.02 10:28:56 INFO  Shutting down server[0m
2024.09.02 10:28:56 INFO  shutting down Metals[0m
2024.09.02 10:28:56 INFO  Exiting server[0m
2024.09.02 10:28:56